---------------------------- PROCESS STARTED (22283) for package com.example.yicameraprototype.dev.debug ----------------------------
2026-02-27 17:06:11.993 22283-22283 nativeloader            com...e.yicameraprototype.dev.debug  D  Load libframework-connectivity-tiramisu-jni.so using APEX ns com_android_tethering for caller /apex/com.android.tethering/javalib/framework-connectivity-t.jar: ok
2026-02-27 17:06:11.998 22283-22283 ActivityThread          com...e.yicameraprototype.dev.debug  D  setConscryptValidator
2026-02-27 17:06:11.998 22283-22283 ActivityThread          com...e.yicameraprototype.dev.debug  D  setConscryptValidator - put
2026-02-27 17:06:12.013 22283-22283 nativeloader            com...e.yicameraprototype.dev.debug  D  Load /data/user/0/com.example.yicameraprototype.dev.debug/code_cache/startup_agents/65318d08-agent.so using system ns (caller=<unknown>): ok
2026-02-27 17:06:12.018 22283-22283 otype.dev.debug         com...e.yicameraprototype.dev.debug  W  hiddenapi: DexFile /data/data/com.example.yicameraprototype.dev.debug/code_cache/.studio/instruments-873176f2.jar is in boot class path but is not in a known location
2026-02-27 17:06:12.165 22283-22283 otype.dev.debug         com...e.yicameraprototype.dev.debug  W  Redefining intrinsic method java.lang.Thread java.lang.Thread.currentThread(). This may cause the unexpected use of the original definition of java.lang.Thread java.lang.Thread.currentThread()in methods that have already been compiled.
2026-02-27 17:06:12.165 22283-22283 otype.dev.debug         com...e.yicameraprototype.dev.debug  W  Redefining intrinsic method boolean java.lang.Thread.interrupted(). This may cause the unexpected use of the original definition of boolean java.lang.Thread.interrupted()in methods that have already been compiled.
2026-02-27 17:06:12.173 22283-22283 nativeloader            com...e.yicameraprototype.dev.debug  D  Load libstats_jni.so using APEX ns com_android_os_statsd for caller /apex/com.android.os.statsd/javalib/framework-statsd.jar: ok
2026-02-27 17:06:12.174 22283-22283 CompatChangeReporter    com...e.yicameraprototype.dev.debug  D  Compat change id reported: 242716250; UID 10347; state: ENABLED
2026-02-27 17:06:12.461 22283-22283 nativeloader            com...e.yicameraprototype.dev.debug  D  Configuring clns-9 for other apk /data/app/~~xHb5iRv0oUV4Ge6oCzT2-g==/com.example.yicameraprototype.dev.debug-mmJPJJGJ8-c69kS74qGLiQ==/base.apk. target_sdk_version=34, uses_libraries=, library_path=/data/app/~~xHb5iRv0oUV4Ge6oCzT2-g==/com.example.yicameraprototype.dev.debug-mmJPJJGJ8-c69kS74qGLiQ==/lib/arm64:/data/app/~~xHb5iRv0oUV4Ge6oCzT2-g==/com.example.yicameraprototype.dev.debug-mmJPJJGJ8-c69kS74qGLiQ==/base.apk!/lib/arm64-v8a, permitted_path=/data:/mnt/expand:/data/user/0/com.example.yicameraprototype.dev.debug
2026-02-27 17:06:12.471 22283-22283 GraphicsEnvironment     com...e.yicameraprototype.dev.debug  V  Currently set values for:
2026-02-27 17:06:12.471 22283-22283 GraphicsEnvironment     com...e.yicameraprototype.dev.debug  V    angle_gl_driver_selection_pkgs=[]
2026-02-27 17:06:12.471 22283-22283 GraphicsEnvironment     com...e.yicameraprototype.dev.debug  V    angle_gl_driver_selection_values=[]
2026-02-27 17:06:12.471 22283-22283 GraphicsEnvironment     com...e.yicameraprototype.dev.debug  V  com.example.yicameraprototype.dev.debug is not listed in per-application setting
2026-02-27 17:06:12.471 22283-22283 GraphicsEnvironment     com...e.yicameraprototype.dev.debug  V  ANGLE allowlist from config: 
2026-02-27 17:06:12.471 22283-22283 GraphicsEnvironment     com...e.yicameraprototype.dev.debug  V  com.example.yicameraprototype.dev.debug is not listed in ANGLE allowlist or settings, returning default
2026-02-27 17:06:12.471 22283-22283 GraphicsEnvironment     com...e.yicameraprototype.dev.debug  V  Neither updatable production driver nor prerelease driver is supported.
2026-02-27 17:06:12.524 22283-22283 ActivityThread          com...e.yicameraprototype.dev.debug  D  com.example.yicameraprototype.dev.debug will use render engine as VK
2026-02-27 17:06:12.524 22283-22283 HWUI                    com...e.yicameraprototype.dev.debug  D  HWUI - treat SMPTE_170M as sRGB
2026-02-27 17:06:12.525 22283-22300 DisplayManager          com...e.yicameraprototype.dev.debug  I  Choreographer implicitly registered for the refresh rate.
2026-02-27 17:06:12.527 22283-22300 HWUI                    com...e.yicameraprototype.dev.debug  D  CacheManager constructor. deviceInfo=(1080, 1920)
2026-02-27 17:06:12.548 22283-22283 ashmem                  com...e.yicameraprototype.dev.debug  E  Pinning is deprecated since Android Q. Please use trim or other methods.
2026-02-27 17:06:12.563 22283-22283 DesktopModeFlags        com...e.yicameraprototype.dev.debug  D  Toggle override initialized to: OVERRIDE_UNSET
2026-02-27 17:06:12.567 22283-22283 DecorView               com...e.yicameraprototype.dev.debug  I  setWindowBackground: isPopOver=false color=ff141218 d=android.graphics.drawable.ColorDrawable@b6b5c64
2026-02-27 17:06:12.596 22283-22283 ViewRootImpl            com...e.yicameraprototype.dev.debug  I  dVRR is disabled
2026-02-27 17:06:12.596 22283-22283 HardwareRenderer        com...e.yicameraprototype.dev.debug  D  onDisplayChanged. displayId=0 current wxh=1080x2340 mLargest wxh=0x0
2026-02-27 17:06:12.597 22283-22283 HardwareRenderer        com...e.yicameraprototype.dev.debug  D  Set largestWidth and largestHeight as logical resolution. (1080x2340)
2026-02-27 17:06:12.597 22283-22300 HWUI                    com...e.yicameraprototype.dev.debug  D  setMaxSurfaceArea requested wxh=(1080,2340) requestedSurfaceArea(2527200) mMaxSurfaceArea(2073600)
2026-02-27 17:06:12.597 22283-22300 NativeCust...ncyManager com...e.yicameraprototype.dev.debug  D  [NativeCFMS] BpCustomFrequencyManager::BpCustomFrequencyManager()
2026-02-27 17:06:12.604 22283-22283 InputTransport          com...e.yicameraprototype.dev.debug  D  Input channel constructed: 'a1ce120', fd=116
2026-02-27 17:06:12.605 22283-22283 InsetsController        com...e.yicameraprototype.dev.debug  I  onStateChanged: host=com.example.yicameraprototype.dev.debug/com.example.yicameraprototype.ui.MainActivity, from=android.view.ViewRootImpl.onInsetsStateChanged:3026, state=InsetsState: {mDisplayFrame=Rect(0, 0 - 1080, 2340), mDisplayCutout=DisplayCutout{insets=Rect(0, 89 - 0, 0) waterfall=Insets{left=0, top=0, right=0, bottom=0} boundingRect={Bounds=[Rect(0, 0 - 0, 0), Rect(507, 0 - 573, 89), Rect(0, 0 - 0, 0), Rect(0, 0 - 0, 0)]} cutoutPathParserInfo={CutoutPathParserInfo{displayWidth=1080 displayHeight=2340 physicalDisplayWidth=1080 physicalDisplayHeight=2340 density={2.8125} cutoutSpec={M 0,0 M 0,8.177777777777778 a 11.73333333333333,11.73333333333333 0 1,0 0,23.46666666666667 a 11.73333333333333,11.73333333333333 0 1,0 0,-23.46666666666667 Z @dp} rotation={0} scale={1.0} physicalPixelDisplaySizeRatio={1.0}}} sideOverrides={}}, mRoundedCorners=RoundedCorners{[RoundedCorner{position=TopLeft, radius=113, center=Point(113, 113)}, RoundedCorner{position=TopRight, radius=113, center=Point(967, 113)}, RoundedCorner{position=BottomRight, radius=113, center=Point(967, 2227)}, RoundedCorner{position=BottomLeft, radius=113, center=Point(113, 2227)}]}  mRoundedCornerFrame=Rect(0, 0 - 1080, 2340), mPrivacyIndicatorBounds=PrivacyIndicatorBounds {static bounds=Rect(956, 0 - 1080, 91) rotation=0}, mDisplayShape=DisplayShape{ spec=-392560863 displayWidth=1080 displayHeight=2340 physicalPixelDisplaySizeRatio=1.0 rotation=0 offsetX=0 offsetY=0 scale=1.0}, mSources= { InsetsSource: {ad630001 mType=navigationBars mFrame=[0,2205][1080,2340] mVisible=true mFlags= mSideHint=BOTTOM mBoundingRects=null}, InsetsSource: {ad630004 mType=systemGestures mFrame=[0,0][0,0] mVisible=true mFlags= mSideHint=NONE mBoundingRects=null}, InsetsSource: {ad630005 mType=mandatorySystemGestures mFrame=[0,2205][1080,2340] mVisible=true mFlags= mSideHint=BOTTOM mBoundingRects=null}, InsetsSource: {ad630006 mType=tappableElement mFrame=[0,2205][1080,2340] mVisible=true mFlags= mSideHint=BOTTOM mBoundingRects=null}, InsetsSource: {ad630024 mType=systemGestures mFrame=[0,0][0,0] mVisible=true mFlags= mSideHint=NONE mBoundingRects=null}, InsetsSource: {d0810000 mType=statusBars mFrame=[0,0][1080,91] mVisible=true mFlags= mSideHint=TOP mBoundingRects=null}, InsetsSource: {d0810005 mType=mandatorySystemGestures mFrame=[0,0][1080,123] mVisible=true mFlags= mSideHint=TOP mBoundingRects=null}, InsetsSource: {d0810006 mType=tappableElement mFrame=[0,0][1080,91] mVisible=true mFlags= mSideHint=TOP mBoundingRects=null}, InsetsSource: {3 mType=ime mFrame=[0,0][0,0] mVisible=false mFlags= mSideHint=NONE mBoundingRects=null}, InsetsSource: {27 mType=displayCutout mFrame=[0,0][1080,89] mVisible=true mFlags= mSideHint=TOP mBoundingRects=null} }
2026-02-27 17:06:12.607 22283-22283 VRI[MainAc...y]@ae29e83 com...e.yicameraprototype.dev.debug  I  synced displayState. AttachInfo displayState=2
2026-02-27 17:06:12.607 22283-22283 VRI[MainAc...y]@ae29e83 com...e.yicameraprototype.dev.debug  I  setView = com.android.internal.policy.DecorView@d269fdf IsHRR=false mFlingFrameRateChange=0 TM=true
2026-02-27 17:06:12.608 22283-22283 IDS_TAG                 com...e.yicameraprototype.dev.debug  I  Starting IDS observe window
2026-02-27 17:06:12.608 22283-22283 IDS_TAG                 com...e.yicameraprototype.dev.debug  I  Getting Shared Preference for android.app.Application@67e9a79 uid = 10347
2026-02-27 17:06:12.611 22283-22283 IDS_TAG                 com...e.yicameraprototype.dev.debug  I  App android.app.Application@67e9a79 has not finished training
2026-02-27 17:06:12.612 22283-22300 HWUI                    com...e.yicameraprototype.dev.debug  D  HWUI - treat SMPTE_170M as sRGB
2026-02-27 17:06:12.612 22283-22283 IDS_TAG                 com...e.yicameraprototype.dev.debug  I  Closing IDS observe window
2026-02-27 17:06:12.612 22283-22283 IDS_TAG                 com...e.yicameraprototype.dev.debug  I  Getting Shared Preference for android.app.Application@67e9a79 uid = 10347
2026-02-27 17:06:12.613 22283-22283 IDS_TAG                 com...e.yicameraprototype.dev.debug  I  IDS count updated to 10 for android.app.Application@67e9a79
2026-02-27 17:06:12.797 22283-22283 otype.dev.debug         com...e.yicameraprototype.dev.debug  W  Method boolean androidx.compose.runtime.snapshots.SnapshotStateList.conditionalUpdate(boolean, kotlin.jvm.functions.Function1) failed lock verification and will run slower.
                                                                                                    Common causes for lock verification issues are non-optimized dex code
                                                                                                    and incorrect proguard optimizations.
2026-02-27 17:06:12.797 22283-22283 otype.dev.debug         com...e.yicameraprototype.dev.debug  W  Method boolean androidx.compose.runtime.snapshots.SnapshotStateList.conditionalUpdate$default(androidx.compose.runtime.snapshots.SnapshotStateList, boolean, kotlin.jvm.functions.Function1, int, java.lang.Object) failed lock verification and will run slower.
2026-02-27 17:06:12.797 22283-22283 otype.dev.debug         com...e.yicameraprototype.dev.debug  W  Method java.lang.Object androidx.compose.runtime.snapshots.SnapshotStateList.mutate(kotlin.jvm.functions.Function1) failed lock verification and will run slower.
2026-02-27 17:06:12.797 22283-22283 otype.dev.debug         com...e.yicameraprototype.dev.debug  W  Method void androidx.compose.runtime.snapshots.SnapshotStateList.update(boolean, kotlin.jvm.functions.Function1) failed lock verification and will run slower.
2026-02-27 17:06:12.797 22283-22283 otype.dev.debug         com...e.yicameraprototype.dev.debug  W  Method void androidx.compose.runtime.snapshots.SnapshotStateList.update$default(androidx.compose.runtime.snapshots.SnapshotStateList, boolean, kotlin.jvm.functions.Function1, int, java.lang.Object) failed lock verification and will run slower.
2026-02-27 17:06:12.834 22283-22283 ExoPlayerImpl           com...e.yicameraprototype.dev.debug  I  Init be93fb8 [AndroidXMedia3/1.4.1] [a35x, SM-A356E, samsung, 36]
2026-02-27 17:06:12.852 22283-22283 AudioSystem             com...e.yicameraprototype.dev.debug  D  onNewService: media.audio_policy service obtained 0xb400007906d7aa00
2026-02-27 17:06:12.853 22283-22283 AudioSystem             com...e.yicameraprototype.dev.debug  D  getService: checking for service media.audio_policy: 0xb400007906d7aa00
2026-02-27 17:06:12.861 22283-22283 otype.dev.debug         com...e.yicameraprototype.dev.debug  I  hiddenapi: Accessing hidden method Landroid/media/AudioTrack;->getLatency()I (runtime_flags=0, domain=platform, api=unsupported) from Landroidx/media3/exoplayer/audio/AudioTrackPositionTracker; (domain=app) using reflection: allowed
2026-02-27 17:06:12.890 22283-22283 AudioSystem             com...e.yicameraprototype.dev.debug  D  onNewServiceWithAdapter: media.audio_flinger service obtained 0xb4000079f6d7e1b0
2026-02-27 17:06:12.890 22283-22283 AudioSystem             com...e.yicameraprototype.dev.debug  D  getService: checking for service media.audio_flinger: 0xb400007906dc8520
2026-02-27 17:06:12.965 22283-22289 otype.dev.debug         com...e.yicameraprototype.dev.debug  I  Compiler allocated 5101KB to compile void android.view.ViewRootImpl.performTraversals()
2026-02-27 17:06:12.993 22283-22283 SurfaceView             com...e.yicameraprototype.dev.debug  D  243327900 updateSurface: has no frame
2026-02-27 17:06:13.085 22283-22283 SV[2433279...nActivity] com...e.yicameraprototype.dev.debug  I  onWindowVisibilityChanged(0) true android.view.SurfaceView{e80e39c V.E...... ......I. 0,0-0,0} of VRI[MainActivity]@ae29e83
2026-02-27 17:06:13.085 22283-22283 SurfaceView             com...e.yicameraprototype.dev.debug  D  243327900 updateSurface: has no frame
2026-02-27 17:06:13.157 22283-22283 BLASTBufferQueue_Java   com...e.yicameraprototype.dev.debug  I  new BLASTBufferQueue, mName= VRI[MainActivity]@ae29e83 mNativeObject= 0xb400007a86d925c0 caller= android.view.ViewRootImpl.updateBlastSurfaceIfNeeded:3585 android.view.ViewRootImpl.relayoutWindow:11685 android.view.ViewRootImpl.performTraversals:4804 android.view.ViewRootImpl.doTraversal:3924 android.view.ViewRootImpl$TraversalRunnable.run:12903 android.view.Choreographer$CallbackRecord.run:1901 android.view.Choreographer$CallbackRecord.run:1910 android.view.Choreographer.doCallbacks:1367 android.view.Choreographer.doFrame:1292 android.view.Choreographer$FrameDisplayEventReceiver.run:1870 
2026-02-27 17:06:13.157 22283-22283 BLASTBufferQueue_Java   com...e.yicameraprototype.dev.debug  I  update, w= 1080 h= 2340 mName = VRI[MainActivity]@ae29e83 mNativeObject= 0xb400007a86d925c0 sc.mNativeObject= 0xb4000078c6d433d0 format= -3 caller= android.view.ViewRootImpl.updateBlastSurfaceIfNeeded:3590 android.view.ViewRootImpl.relayoutWindow:11685 android.view.ViewRootImpl.performTraversals:4804 android.view.ViewRootImpl.doTraversal:3924 android.view.ViewRootImpl$TraversalRunnable.run:12903 android.view.Choreographer$CallbackRecord.run:1901 
2026-02-27 17:06:13.158 22283-22283 VRI[MainAc...y]@ae29e83 com...e.yicameraprototype.dev.debug  I  Relayout returned: old=(0,0,1080,2340) new=(0,0,1080,2340) relayoutAsync=false req=(1080,2340)0 dur=7 res=0x3 s={true 0xb400007ac6d9c330} ch=true seqId=0
2026-02-27 17:06:13.159 22283-22283 VRI[MainAc...y]@ae29e83 com...e.yicameraprototype.dev.debug  I  performConfigurationChange setNightDimText nightDimLevel=0
2026-02-27 17:06:13.159 22283-22283 VRI[MainAc...y]@ae29e83 com...e.yicameraprototype.dev.debug  D  mThreadedRenderer.initialize() mSurface={isValid=true 0xb400007ac6d9c330} hwInitialized=true
2026-02-27 17:06:13.176 22283-22283 SurfaceView             com...e.yicameraprototype.dev.debug  D  243327900 updateSurface: has no frame
2026-02-27 17:06:13.185 22283-22283 SV[2433279...nActivity] com...e.yicameraprototype.dev.debug  I  windowStopped(false) true android.view.SurfaceView{e80e39c V.E...... ......ID 0,0-1012,480} of VRI[MainActivity]@ae29e83
2026-02-27 17:06:13.185 22283-22283 SurfaceView             com...e.yicameraprototype.dev.debug  D  243327900 updateSurface: has no frame
2026-02-27 17:06:13.185 22283-22283 VRI[MainAc...y]@ae29e83 com...e.yicameraprototype.dev.debug  D  reportNextDraw android.view.ViewRootImpl.performTraversals:5443 android.view.ViewRootImpl.doTraversal:3924 android.view.ViewRootImpl$TraversalRunnable.run:12903 android.view.Choreographer$CallbackRecord.run:1901 android.view.Choreographer$CallbackRecord.run:1910 
2026-02-27 17:06:13.185 22283-22283 SurfaceView             com...e.yicameraprototype.dev.debug  I  243327900 Changes: creating=true format=true size=true visible=true alpha=false hint=false left=true top=true z=false attached=true lifecycleStrategy=true
2026-02-27 17:06:13.187 22283-22283 BLASTBufferQueue_Java   com...e.yicameraprototype.dev.debug  I  new BLASTBufferQueue, mName= e80e39c SurfaceView[com.example.yicameraprototype.dev.debug/com.example.yicameraprototype.ui.MainActivity]@0 mNativeObject= 0xb400007a86d935d0 caller= android.view.SurfaceView.createBlastSurfaceControls:1781 android.view.SurfaceView.updateSurface:1450 android.view.SurfaceView.lambda$new$0:280 android.view.SurfaceView.$r8$lambda$NfZyM_TG8F8lqzaOVZ7noREFjzU:0 android.view.SurfaceView$$ExternalSyntheticLambda1.onPreDraw:0 android.view.ViewTreeObserver.dispatchOnPreDraw:1229 android.view.ViewRootImpl.performTraversals:5448 android.view.ViewRootImpl.doTraversal:3924 android.view.ViewRootImpl$TraversalRunnable.run:12903 android.view.Choreographer$CallbackRecord.run:1901 
2026-02-27 17:06:13.187 22283-22283 BLASTBufferQueue_Java   com...e.yicameraprototype.dev.debug  I  update, w= 1012 h= 480 mName = e80e39c SurfaceView[com.example.yicameraprototype.dev.debug/com.example.yicameraprototype.ui.MainActivity]@0 mNativeObject= 0xb400007a86d935d0 sc.mNativeObject= 0xb4000078c6d439d0 format= 4 caller= android.view.SurfaceView.createBlastSurfaceControls:1782 android.view.SurfaceView.updateSurface:1450 android.view.SurfaceView.lambda$new$0:280 android.view.SurfaceView.$r8$lambda$NfZyM_TG8F8lqzaOVZ7noREFjzU:0 android.view.SurfaceView$$ExternalSyntheticLambda1.onPreDraw:0 android.view.ViewTreeObserver.dispatchOnPreDraw:1229 
2026-02-27 17:06:13.188 22283-22283 SurfaceView             com...e.yicameraprototype.dev.debug  I  243327900 Cur surface: Surface(name=null mNativeObject=0)/@0xfdc4656
2026-02-27 17:06:13.188 22283-22283 SurfaceComposerClient   com...e.yicameraprototype.dev.debug  D  setCornerRadius ## e80e39c SurfaceView[com.example.yicameraprototype.dev.debug/com.example.yicameraprototype.ui.MainActivity]@0#86200 cornerRadius=0.000000
2026-02-27 17:06:13.188 22283-22283 SV[2433279...nActivity] com...e.yicameraprototype.dev.debug  I  pST: sr = Rect(34, 1383 - 1046, 1863) sw = 1012 sh = 480
2026-02-27 17:06:13.188 22283-22283 SurfaceView             com...e.yicameraprototype.dev.debug  D  243327900 performSurfaceTransaction RenderWorker position = [34, 1383, 1046, 1863] surfaceSize = 1012x480
2026-02-27 17:06:13.188 22283-22283 SV[2433279...nActivity] com...e.yicameraprototype.dev.debug  I  updateSurface: mVisible = true mSurface.isValid() = true
2026-02-27 17:06:13.188 22283-22283 SV[2433279...nActivity] com...e.yicameraprototype.dev.debug  I  updateSurface: mSurfaceCreated = false surfaceChanged = true visibleChanged = true
2026-02-27 17:06:13.188 22283-22283 SurfaceView             com...e.yicameraprototype.dev.debug  I  243327900 visibleChanged -- surfaceCreated
2026-02-27 17:06:13.188 22283-22283 SV[2433279...nActivity] com...e.yicameraprototype.dev.debug  I  surfaceCreated 1 #8 android.view.SurfaceView{e80e39c V.E...... ......ID 0,0-1012,480}
2026-02-27 17:06:13.189 22283-22283 SurfaceView             com...e.yicameraprototype.dev.debug  I  243327900 surfaceChanged -- format=4 w=1012 h=480
2026-02-27 17:06:13.189 22283-22283 SV[2433279...nActivity] com...e.yicameraprototype.dev.debug  I  surfaceChanged (1012,480) 1 #8 android.view.SurfaceView{e80e39c V.E...... ......ID 0,0-1012,480}
2026-02-27 17:06:13.189 22283-22283 SurfaceView             com...e.yicameraprototype.dev.debug  I  243327900 surfaceRedrawNeeded
2026-02-27 17:06:13.189 22283-22283 SurfaceView             com...e.yicameraprototype.dev.debug  I  243327900 finishedDrawing
2026-02-27 17:06:13.189 22283-22283 SurfaceView             com...e.yicameraprototype.dev.debug  V  Layout: x=34 y=1383 w=1012 h=480, frame=Rect(0, 0 - 1012, 480)
2026-02-27 17:06:13.190 22283-22283 VRI[MainAc...y]@ae29e83 com...e.yicameraprototype.dev.debug  D  Setup new sync=wmsSync-VRI[MainActivity]@ae29e83#1
2026-02-27 17:06:13.190 22283-22283 VRI[MainAc...y]@ae29e83 com...e.yicameraprototype.dev.debug  I  Creating new active sync group VRI[MainActivity]@ae29e83#2
2026-02-27 17:06:13.191 22283-22283 VRI[MainAc...y]@ae29e83 com...e.yicameraprototype.dev.debug  D  registerCallbacksForSync syncBuffer=false
2026-02-27 17:06:13.206 22283-22300 SurfaceView             com...e.yicameraprototype.dev.debug  D  243327900 updateSurfacePosition RenderWorker, frameNr = 1, position = [34, 1383, 1046, 1863] surfaceSize = 1012x480
2026-02-27 17:06:13.206 22283-22300 SV[2433279...nActivity] com...e.yicameraprototype.dev.debug  I  uSP: rtp = Rect(34, 1383 - 1046, 1863) rtsw = 1012 rtsh = 480
2026-02-27 17:06:13.206 22283-22300 SV[2433279...nActivity] com...e.yicameraprototype.dev.debug  I  onSSPAndSRT: pl = 34 pt = 1383 sx = 1.0 sy = 1.0
2026-02-27 17:06:13.206 22283-22300 SV[2433279...nActivity] com...e.yicameraprototype.dev.debug  I  aOrMT: VRI[MainActivity]@ae29e83 t = android.view.SurfaceControl$Transaction@a5e1690 fN = 1 android.view.SurfaceView.-$$Nest$mapplyOrMergeTransaction:0 android.view.SurfaceView$SurfaceViewPositionUpdateListener.positionChanged:1932 android.graphics.RenderNode$CompositePositionUpdateListener.positionChanged:401 
2026-02-27 17:06:13.207 22283-22300 VRI[MainAc...y]@ae29e83 com...e.yicameraprototype.dev.debug  I  mWNT: t=0xb400007a96d796d0 mBlastBufferQueue=0xb400007a86d925c0 fn= 1 HdrRenderState mRenderHdrSdrRatio=1.0 caller= android.view.SurfaceView.applyOrMergeTransaction:1863 android.view.SurfaceView.-$$Nest$mapplyOrMergeTransaction:0 android.view.SurfaceView$SurfaceViewPositionUpdateListener.positionChanged:1932 
2026-02-27 17:06:13.207 22283-22310 VRI[MainAc...y]@ae29e83 com...e.yicameraprototype.dev.debug  D  Received frameDrawingCallback syncResult=0 frameNum=1.
2026-02-27 17:06:13.207 22283-22310 VRI[MainAc...y]@ae29e83 com...e.yicameraprototype.dev.debug  I  mWNT: t=0xb400007a96d78e10 mBlastBufferQueue=0xb400007a86d925c0 fn= 1 HdrRenderState mRenderHdrSdrRatio=1.0 caller= android.view.ViewRootImpl$12.onFrameDraw:15441 android.view.ThreadedRenderer$1.onFrameDraw:718 <bottom of call stack> 
2026-02-27 17:06:13.207 22283-22310 VRI[MainAc...y]@ae29e83 com...e.yicameraprototype.dev.debug  I  Setting up sync and frameCommitCallback
2026-02-27 17:06:13.219 22283-22300 BLASTBufferQueue        com...e.yicameraprototype.dev.debug  I  [VRI[MainActivity]@ae29e83#0](f:0,a:0,s:0) onFrameAvailable the first frame is available
2026-02-27 17:06:13.220 22283-22300 VRI[MainAc...y]@ae29e83 com...e.yicameraprototype.dev.debug  I  Received frameCommittedCallback lastAttemptedDrawFrameNum=1 didProduceBuffer=true
2026-02-27 17:06:13.221 22283-22300 HWUI                    com...e.yicameraprototype.dev.debug  D  CFMS:: SetUp Pid : 22283    Tid : 22300
2026-02-27 17:06:13.221 22283-22283 VRI[MainAc...y]@ae29e83 com...e.yicameraprototype.dev.debug  D  reportDrawFinished seqId=0
2026-02-27 17:06:13.223 22283-22283 Choreographer           com...e.yicameraprototype.dev.debug  I  Skipped 68 frames!  The application may be doing too much work on its main thread.
2026-02-27 17:06:13.232 22283-22283 InsetsSourceConsumer    com...e.yicameraprototype.dev.debug  I  applyRequestedVisibilityToControl: visible=true, type=statusBars, host=com.example.yicameraprototype.dev.debug/com.example.yicameraprototype.ui.MainActivity
2026-02-27 17:06:13.233 22283-22283 InsetsSourceConsumer    com...e.yicameraprototype.dev.debug  I  applyRequestedVisibilityToControl: visible=true, type=navigationBars, host=com.example.yicameraprototype.dev.debug/com.example.yicameraprototype.ui.MainActivity
2026-02-27 17:06:13.252 22283-22283 VRI[MainAc...y]@ae29e83 com...e.yicameraprototype.dev.debug  D  mThreadedRenderer.initializeIfNeeded()#2 mSurface={isValid=true 0xb400007ac6d9c330}
2026-02-27 17:06:13.254 22283-22283 InputMethodManagerUtils com...e.yicameraprototype.dev.debug  D  startInputInner - Id : 0
2026-02-27 17:06:13.254 22283-22283 InputMethodManager      com...e.yicameraprototype.dev.debug  I  startInputInner - IInputMethodManagerGlobalInvoker.startInputOrWindowGainedFocus
2026-02-27 17:06:13.270 22283-22283 InputMethodManager      com...e.yicameraprototype.dev.debug  I  handleMessage: setImeVisibility visible=false
2026-02-27 17:06:13.270 22283-22283 InsetsController        com...e.yicameraprototype.dev.debug  D  hide(ime(), fromIme=false)
2026-02-27 17:06:13.270 22283-22283 ImeTracker              com...e.yicameraprototype.dev.debug  I  com.example.yicameraprototype.dev.debug:c5c413f8: onCancelled at PHASE_CLIENT_ALREADY_HIDDEN
2026-02-27 17:06:13.291 22283-22295 InputTransport          com...e.yicameraprototype.dev.debug  D  Input channel constructed: 'ClientS', fd=144
2026-02-27 17:06:17.865 22283-22336 ProfileInstaller        com...e.yicameraprototype.dev.debug  D  Installing profile for com.example.yicameraprototype.dev.debug
2026-02-27 17:06:18.058 22283-22283 ImeFocusController      com...e.yicameraprototype.dev.debug  I  onPreWindowFocus: skipped hasWindowFocus=false mHasImeFocus=true
2026-02-27 17:06:18.059 22283-22283 ImeFocusController      com...e.yicameraprototype.dev.debug  I  onPostWindowFocus: skipped hasWindowFocus=false mHasImeFocus=true
2026-02-27 17:06:18.061 22283-22283 VRI[MainAc...y]@ae29e83 com...e.yicameraprototype.dev.debug  I  handleResized, frames=ClientWindowFrames{frame=[0,0][1080,2340] display=[0,0][1080,2340] parentFrame=[0,0][0,0]} displayId=0 dragResizing=false compatScale=1.0 frameChanged=false attachedFrameChanged=false configChanged=false displayChanged=false compatScaleChanged=false dragResizingChanged=false
2026-02-27 17:06:21.262 22283-22283 InsetsSourceConsumer    com...e.yicameraprototype.dev.debug  I  applyRequestedVisibilityToControl: visible=true, type=statusBars, host=com.example.yicameraprototype.dev.debug/com.example.yicameraprototype.ui.MainActivity
2026-02-27 17:06:21.262 22283-22283 InsetsSourceConsumer    com...e.yicameraprototype.dev.debug  I  applyRequestedVisibilityToControl: visible=true, type=navigationBars, host=com.example.yicameraprototype.dev.debug/com.example.yicameraprototype.ui.MainActivity
2026-02-27 17:06:21.264 22283-22283 VRI[MainAc...y]@ae29e83 com...e.yicameraprototype.dev.debug  D  mThreadedRenderer.initializeIfNeeded()#2 mSurface={isValid=true 0xb400007ac6d9c330}
2026-02-27 17:06:21.264 22283-22283 InputMethodManagerUtils com...e.yicameraprototype.dev.debug  D  startInputInner - Id : 0
2026-02-27 17:06:21.265 22283-22283 InputMethodManager      com...e.yicameraprototype.dev.debug  I  startInputInner - IInputMethodManagerGlobalInvoker.startInputOrWindowGainedFocus
2026-02-27 17:06:21.267 22283-22283 InputMethodManager      com...e.yicameraprototype.dev.debug  I  handleMessage: setImeVisibility visible=false
2026-02-27 17:06:21.269 22283-22283 InsetsController        com...e.yicameraprototype.dev.debug  D  hide(ime(), fromIme=false)
2026-02-27 17:06:21.269 22283-22294 InputTransport          com...e.yicameraprototype.dev.debug  D  Input channel constructed: 'ClientS', fd=149
2026-02-27 17:06:21.269 22283-22283 ImeTracker              com...e.yicameraprototype.dev.debug  I  com.example.yicameraprototype.dev.debug:46ff60ee: onCancelled at PHASE_CLIENT_ALREADY_HIDDEN
2026-02-27 17:06:22.222 22283-22283 VRI[MainAc...y]@ae29e83 com...e.yicameraprototype.dev.debug  I  ViewPostIme pointer 0
2026-02-27 17:06:22.237 22283-22283 VRI[MainAc...y]@ae29e83 com...e.yicameraprototype.dev.debug  I  call setFrameRateCategory for touch hint category=high hint, reason=touch, vri=VRI[MainActivity]@ae29e83
2026-02-27 17:06:22.264 22283-22291 InputTransport          com...e.yicameraprototype.dev.debug  D  Input channel destroyed: 'ClientS', fd=149
2026-02-27 17:06:22.295 22283-22283 VRI[MainAc...y]@ae29e83 com...e.yicameraprototype.dev.debug  I  ViewPostIme pointer 1
2026-02-27 17:06:22.299 22283-22283 ConnectivityManager     com...e.yicameraprototype.dev.debug  D  StackLog: [android.net.ConnectivityManager.sendRequestForNetwork(ConnectivityManager.java:4736)] [android.net.ConnectivityManager.sendRequestForNetwork(ConnectivityManager.java:4904)] [android.net.ConnectivityManager.requestNetwork(ConnectivityManager.java:5111)] [com.example.yicameraprototype.data.network.CameraNetworkBinder.requestWifiNetwork-gIAlu-s(CameraNetworkBinder.kt:58)] [com.example.yicameraprototype.data.network.CameraNetworkBinder.bindCameraNetwork-0E7RQCE(CameraNetworkBinder.kt:19)] [com.example.yicameraprototype.data.network.CameraNetworkBinder.bindCameraNetwork-0E7RQCE$default(CameraNetworkBinder.kt:17)] [com.example.yicameraprototype.data.camera.CameraRepository.connect(CameraRepository.kt:72)] [com.example.yicameraprototype.ui.MainViewModel$connect$1.invokeSuspend(MainViewModel.kt:23)] [kotlin.coroutines.jvm.internal.BaseContinuationImpl.resumeWith(ContinuationImpl.kt:33)] [kotlinx.coroutines.internal.DispatchedContinuationKt.resumeCancellableWith(DispatchedContinuation.kt:363)] [kotlinx.coroutines.intrinsics.CancellableKt.startCoroutineCancellable(Cancellable.kt:26)] [kotlinx.coroutines.intrinsics.CancellableKt.startCoroutineCancellable$default(Cancellable.kt:21)] [kotlinx.coroutines.CoroutineStart.invoke(CoroutineStart.kt:88)] [kotlinx.coroutines.AbstractCoroutine.start(AbstractCoroutine.kt:123)] [kotlinx.coroutines.BuildersKt__Builders_commonKt.launch(Builders.common.kt:52)] [kotlinx.coroutines.BuildersKt.launch(Unknown Source:1)] [kotlinx.coroutines.BuildersKt__Builders_commonKt.launch$default(Builders.common.kt:43)] [kotlinx.coroutines.BuildersKt.launch$default(Unknown Source:1)] [com.example.yicameraprototype.ui.MainViewModel.connect(MainViewModel.kt:23)] [com.example.yicameraprototype.ui.MainActivity$onCreate$1$1$2$1$1.invoke(MainActivity.kt:64)] [com.example.yicameraprototype.ui.MainActivity$onCreate$1$1$2$1$1.invoke(MainActivity.kt:64)] [androidx.compose.foundation.ClickableNode$clickPointerInput$3.invoke-k-4lQ0M(Clickable.kt:639)] [androidx.compose.foundation.ClickableNode$clickPointerInput$3.invoke(Clickable.kt:633)] [androidx.compose.foundation.gestures.TapGestureDetectorKt$detectTapAndPress$2$1.invokeSuspend(TapGestureDetector.kt:255)] [kotlin.coroutines.jvm.internal.BaseContinuationImpl.resumeWith(ContinuationImpl.kt:33)] [kotlinx.coroutines.DispatchedTaskKt.resume(DispatchedTask.kt:175)] [kotlinx.coroutines.DispatchedTaskKt.dispatch(DispatchedTask.kt:164)] [kotlinx.coroutines.CancellableContinuationImpl.dispatchResume(CancellableContinuationImpl.kt:466)] [kotlinx.coroutines.CancellableContinuationImpl.resumeImpl(CancellableContinuationImpl.kt:500)] [kotlinx.coroutines.CancellableContinuationImpl.resumeImpl$default(CancellableContinuationImpl.kt:489)] [kotlinx.coroutines.CancellableContinuationImpl.resumeWith(CancellableContinuationImpl.kt:364)] [androidx.compose.ui.input.pointer.SuspendingPointerInputModifierNodeImpl$PointerEventHandlerCoroutine.offerPointerEvent(SuspendingPointerInputFilter.kt:719)] [androidx.compose.ui.input.pointer.SuspendingPointerInputModifierNodeImpl.dispatchPointerEvent(SuspendingPointerInputFilter.kt:598)] [androidx.compose.ui.input.pointer.SuspendingPointerInputModifierNodeImpl.onPointerEvent-H0pRuoY(SuspendingPointerInputFilter.kt:620)] [androidx.compose.foundation.AbstractClickableNode.onPointerEvent-H0pRuoY(Clickable.kt:1044)] [androidx.compose.ui.input.pointer.Node.dispatchMainEventPass(HitPathTracker.kt:387)] [androidx.compose.ui.input.pointer.NodeParent.dispatchMainEventPass(HitPathTracker.kt:229)] [androidx.compose.ui.input.pointer.HitPathTracker.dispatchChanges(HitPathTracker.kt:144)] [androidx.compose.ui.input.pointer.PointerInputEventProcessor.process-BIzXfog(PointerInputEventProcessor.kt:120)] [androidx.compose.ui.platform.AndroidComposeView.sendMotionEvent-8iAsVTc(AndroidComposeView.android.kt:1993)] [androidx.compose.ui.platform.AndroidComposeView.handleMotionEvent-8iAsVTc(AndroidComposeView.android.kt:1944)] [androidx.compose.ui.platform.AndroidComposeView.dispatchTouchEvent(AndroidComposeView.android
2026-02-27 17:06:22.328 22283-22283 AndroidRuntime          com...e.yicameraprototype.dev.debug  E  FATAL EXCEPTION: main
                                                                                                    Process: com.example.yicameraprototype.dev.debug, PID: 22283
                                                                                                    java.lang.SecurityException: com.example.yicameraprototype.dev.debug was not granted either of these permissions:android.permission.CHANGE_NETWORK_STATE,android.permission.WRITE_SETTINGS.
                                                                                                    	at android.os.Parcel.createExceptionOrNull(Parcel.java:3354)
                                                                                                    	at android.os.Parcel.createException(Parcel.java:3338)
                                                                                                    	at android.os.Parcel.readException(Parcel.java:3321)
                                                                                                    	at android.os.Parcel.readException(Parcel.java:3263)
                                                                                                    	at android.net.IConnectivityManager$Stub$Proxy.requestNetwork(IConnectivityManager.java:2506)
                                                                                                    	at android.net.ConnectivityManager.sendRequestForNetwork(ConnectivityManager.java:4767)
                                                                                                    	at android.net.ConnectivityManager.sendRequestForNetwork(ConnectivityManager.java:4904)
                                                                                                    	at android.net.ConnectivityManager.requestNetwork(ConnectivityManager.java:5111)
                                                                                                    	at com.example.yicameraprototype.data.network.CameraNetworkBinder.requestWifiNetwork-gIAlu-s(CameraNetworkBinder.kt:58)
                                                                                                    	at com.example.yicameraprototype.data.network.CameraNetworkBinder.bindCameraNetwork-0E7RQCE(CameraNetworkBinder.kt:19)
                                                                                                    	at com.example.yicameraprototype.data.network.CameraNetworkBinder.bindCameraNetwork-0E7RQCE$default(CameraNetworkBinder.kt:17)
                                                                                                    	at com.example.yicameraprototype.data.camera.CameraRepository.connect(CameraRepository.kt:72)
                                                                                                    	at com.example.yicameraprototype.ui.MainViewModel$connect$1.invokeSuspend(MainViewModel.kt:23)
                                                                                                    	at kotlin.coroutines.jvm.internal.BaseContinuationImpl.resumeWith(ContinuationImpl.kt:33)
                                                                                                    	at kotlinx.coroutines.internal.DispatchedContinuationKt.resumeCancellableWith(DispatchedContinuation.kt:363)
                                                                                                    	at kotlinx.coroutines.intrinsics.CancellableKt.startCoroutineCancellable(Cancellable.kt:26)
                                                                                                    	at kotlinx.coroutines.intrinsics.CancellableKt.startCoroutineCancellable$default(Cancellable.kt:21)
                                                                                                    	at kotlinx.coroutines.CoroutineStart.invoke(CoroutineStart.kt:88)
                                                                                                    	at kotlinx.coroutines.AbstractCoroutine.start(AbstractCoroutine.kt:123)
                                                                                                    	at kotlinx.coroutines.BuildersKt__Builders_commonKt.launch(Builders.common.kt:52)
                                                                                                    	at kotlinx.coroutines.BuildersKt.launch(Unknown Source:1)
                                                                                                    	at kotlinx.coroutines.BuildersKt__Builders_commonKt.launch$default(Builders.common.kt:43)
                                                                                                    	at kotlinx.coroutines.BuildersKt.launch$default(Unknown Source:1)
                                                                                                    	at com.example.yicameraprototype.ui.MainViewModel.connect(MainViewModel.kt:23)
                                                                                                    	at com.example.yicameraprototype.ui.MainActivity$onCreate$1$1$2$1$1.invoke(MainActivity.kt:64)
                                                                                                    	at com.example.yicameraprototype.ui.MainActivity$onCreate$1$1$2$1$1.invoke(MainActivity.kt:64)
                                                                                                    	at androidx.compose.foundation.ClickableNode$clickPointerInput$3.invoke-k-4lQ0M(Clickable.kt:639)
                                                                                                    	at androidx.compose.foundation.ClickableNode$clickPointerInput$3.invoke(Clickable.kt:633)
                                                                                                    	at androidx.compose.foundation.gestures.TapGestureDetectorKt$detectTapAndPress$2$1.invokeSuspend(TapGestureDetector.kt:255)
                                                                                                    	at kotlin.coroutines.jvm.internal.BaseContinuationImpl.resumeWith(ContinuationImpl.kt:33)
                                                                                                    	at kotlinx.coroutines.DispatchedTaskKt.resume(DispatchedTask.kt:175)
                                                                                                    	at kotlinx.coroutines.DispatchedTaskKt.dispatch(DispatchedTask.kt:164)
                                                                                                    	at kotlinx.coroutines.CancellableContinuationImpl.dispatchResume(CancellableContinuationImpl.kt:466)
                                                                                                    	at kotlinx.coroutines.CancellableContinuationImpl.resumeImpl(CancellableContinuationImpl.kt:500)
                                                                                                    	at kotlinx.coroutines.CancellableContinuationImpl.resumeImpl$default(CancellableContinuationImpl.kt:489)
                                                                                                    	at kotlinx.coroutines.CancellableContinuationImpl.resumeWith(CancellableContinuationImpl.kt:364)
                                                                                                    	at androidx.compose.ui.input.pointer.SuspendingPointerInputModifierNodeImpl$PointerEventHandlerCoroutine.offerPointerEvent(SuspendingPointerInputFilter.kt:719)
                                                                                                    	at androidx.compose.ui.input.pointer.SuspendingPointerInputModifierNodeImpl.dispatchPointerEvent(SuspendingPointerInputFilter.kt:598)
                                                                                                    	at androidx.compose.ui.input.pointer.SuspendingPointerInputModifierNodeImpl.onPointerEvent-H0pRuoY(SuspendingPointerInputFilter.kt:620)
                                                                                                    	at androidx.compose.foundation.AbstractClickableNode.onPointerEvent-H0pRuoY(Clickable.kt:1044)
2026-02-27 17:06:22.330 22283-22283 AndroidRuntime          com...e.yicameraprototype.dev.debug  E  	at androidx.compose.ui.input.pointer.Node.dispatchMainEventPass(HitPathTracker.kt:387)
                                                                                                    	at androidx.compose.ui.input.pointer.NodeParent.dispatchMainEventPass(HitPathTracker.kt:229)
                                                                                                    	at androidx.compose.ui.input.pointer.HitPathTracker.dispatchChanges(HitPathTracker.kt:144)
                                                                                                    	at androidx.compose.ui.input.pointer.PointerInputEventProcessor.process-BIzXfog(PointerInputEventProcessor.kt:120)
                                                                                                    	at androidx.compose.ui.platform.AndroidComposeView.sendMotionEvent-8iAsVTc(AndroidComposeView.android.kt:1993)
                                                                                                    	at androidx.compose.ui.platform.AndroidComposeView.handleMotionEvent-8iAsVTc(AndroidComposeView.android.kt:1944)
                                                                                                    	at androidx.compose.ui.platform.AndroidComposeView.dispatchTouchEvent(AndroidComposeView.android.kt:1828)
                                                                                                    	at android.view.ViewGroup.dispatchTransformedTouchEvent(ViewGroup.java:3371)
                                                                                                    	at android.view.ViewGroup.dispatchTouchEvent(ViewGroup.java:3047)
                                                                                                    	at android.view.ViewGroup.dispatchTransformedTouchEvent(ViewGroup.java:3371)
                                                                                                    	at android.view.ViewGroup.dispatchTouchEvent(ViewGroup.java:3047)
                                                                                                    	at android.view.ViewGroup.dispatchTransformedTouchEvent(ViewGroup.java:3371)
                                                                                                    	at android.view.ViewGroup.dispatchTouchEvent(ViewGroup.java:3047)
                                                                                                    	at android.view.ViewGroup.dispatchTransformedTouchEvent(ViewGroup.java:3371)
                                                                                                    	at android.view.ViewGroup.dispatchTouchEvent(ViewGroup.java:3047)
                                                                                                    	at com.android.internal.policy.DecorView.superDispatchTouchEvent(DecorView.java:770)
                                                                                                    	at com.android.internal.policy.PhoneWindow.superDispatchTouchEvent(PhoneWindow.java:2118)
                                                                                                    	at android.app.Activity.dispatchTouchEvent(Activity.java:4776)
                                                                                                    	at com.android.internal.policy.DecorView.dispatchTouchEvent(DecorView.java:728)
                                                                                                    	at android.view.View.dispatchPointerEvent(View.java:17527)
                                                                                                    	at android.view.ViewRootImpl$ViewPostImeInputStage.processPointerEvent(ViewRootImpl.java:9847)
                                                                                                    	at android.view.ViewRootImpl$ViewPostImeInputStage.onProcess(ViewRootImpl.java:9563)
                                                                                                    	at android.view.ViewRootImpl$InputStage.deliver(ViewRootImpl.java:8901)
                                                                                                    	at android.view.ViewRootImpl$InputStage.onDeliverToNext(ViewRootImpl.java:8958)
                                                                                                    	at android.view.ViewRootImpl$InputStage.forward(ViewRootImpl.java:8924)
                                                                                                    	at android.view.ViewRootImpl$AsyncInputStage.forward(ViewRootImpl.java:9124)
                                                                                                    	at android.view.ViewRootImpl$InputStage.apply(ViewRootImpl.java:8932)
                                                                                                    	at android.view.ViewRootImpl$AsyncInputStage.apply(ViewRootImpl.java:9181)
                                                                                                    	at android.view.ViewRootImpl$InputStage.deliver(ViewRootImpl.java:8905)
                                                                                                    	at android.view.ViewRootImpl$InputStage.onDeliverToNext(ViewRootImpl.java:8958)
                                                                                                    	at android.view.ViewRootImpl$InputStage.forward(ViewRootImpl.java:8924)
                                                                                                    	at android.view.ViewRootImpl$InputStage.apply(ViewRootImpl.java:8932)
                                                                                                    	at android.view.ViewRootImpl$InputStage.deliver(ViewRootImpl.java:8905)
                                                                                                    	at android.view.ViewRootImpl.deliverInputEvent(ViewRootImpl.java:12785)
                                                                                                    	at android.view.ViewRootImpl.doProcessInputEvents(ViewRootImpl.java:12673)
                                                                                                    	at android.view.ViewRootImpl.enqueueInputEvent(ViewRootImpl.java:12628)
                                                                                                    	at android.view.ViewRootImpl.processRawInputEvent(ViewRootImpl.java:13165)
                                                                                                    	at android.view.ViewRootImpl$WindowInputEventReceiver.onInputEvent(ViewRootImpl.java:12915)
                                                                                                    	at android.view.InputEventReceiver.dispatchInputEvent(InputEventReceiver.java:392)
                                                                                                    	at android.view.InputEventReceiver.nativeConsumeBatchedInputEvents(Native Method)
                                                                                                    	at android.view.InputEventReceiver.consumeBatchedInputEvents(InputEventReceiver.java:315)
                                                                                                    	at android.view.ViewRootImpl.doConsumeBatchedInput(ViewRootImpl.java:12892)
                                                                                                    	at android.view.ViewRootImpl$ConsumeBatchedInputRunnable.run(ViewRootImpl.java:13007)
                                                                                                    	at android.view.Choreographer$CallbackRecord.run(Choreographer.java:1901)
                                                                                                    	at android.view.Choreographer$CallbackRecord.run(Choreographer.java:1910)
                                                                                                    	at android.view.Choreographer.doCallbacks(Choreographer.java:1367)
                                                                                                    	at android.view.Choreographer.doFrame(Choreographer.java:1277)
                                                                                                    	at android.view.Choreographer$FrameDisplayEventReceiver.run(Choreographer.java:1870)
                                                                                                    	at android.os.Handler.handleCallback(Handler.java:995)
                                                                                                    	at android.os.Handler.dispatchMessage(Handler.java:103)
2026-02-27 17:06:22.330 22283-22283 AndroidRuntime          com...e.yicameraprototype.dev.debug  E  	at android.os.Looper.loopOnce(Looper.java:273)
                                                                                                    	at android.os.Looper.loop(Looper.java:363)
                                                                                                    	at android.app.ActivityThread.main(ActivityThread.java:10060)
                                                                                                    	at java.lang.reflect.Method.invoke(Native Method)
                                                                                                    	at com.android.internal.os.RuntimeInit$MethodAndArgsCaller.run(RuntimeInit.java:632)
                                                                                                    	at com.android.internal.os.ZygoteInit.main(ZygoteInit.java:975)
                                                                                                    	Suppressed: kotlinx.coroutines.internal.DiagnosticCoroutineContextException: [StandaloneCoroutine{Cancelling}@fa1c04c, Dispatchers.Main.immediate]
                                                                                                    Caused by: android.os.RemoteException: Remote stack trace:
                                                                                                    	at android.net.connectivity.com.android.server.ConnectivityService.enforceChangePermission(ConnectivityService.java:3897)
                                                                                                    	at android.net.connectivity.com.android.server.ConnectivityService.enforceNetworkRequestPermissions(ConnectivityService.java:8843)
                                                                                                    	at android.net.connectivity.com.android.server.ConnectivityService.requestNetwork(ConnectivityService.java:8660)
                                                                                                    	at android.net.IConnectivityManager$Stub.onTransact(IConnectivityManager.java:1214)
                                                                                                    	at android.os.Binder.execTransactInternal(Binder.java:1457)
                                                                                                    
2026-02-27 17:06:22.534   855-855   SurfaceFlinger          surfaceflinger                       E  alpha changed 1.000 -> 0.000 - Surface(name=7c1d2dc Application Error: com.example.yicameraprototype.dev.debug)/@0x9c64776 - animation-leash of window_animation#86215
2026-02-27 17:06:22.534   855-855   SurfaceFlinger          surfaceflinger                       E  alpha changed 0.000 -> 0.000 - Surface(name=7c1d2dc Application Error: com.example.yicameraprototype.dev.debug)/@0x9c64776 - animation-leash of window_animation#86215
2026-02-27 17:06:22.542   855-855   SurfaceFlinger          surfaceflinger                       E  alpha changed 0.000 -> 0.081 - Surface(name=7c1d2dc Application Error: com.example.yicameraprototype.dev.debug)/@0x9c64776 - animation-leash of window_animation#86215

